# JRE version: OpenJDK Runtime Environment (11.0.13) (build 11.0.13+0-b1751.21-8125866)
# Java VM: OpenJDK 64-Bit Server VM (11.0.13+0-b1751.21-8125866, mixed mode, tiered, compressed oops, g1 gc, windows-amd64)
Heap:
 garbage-first heap   total 287744K, used 135345K [0x0000000080000000, 0x0000000100000000)
  region size 1024K, 3 young (3072K), 3 survivors (3072K)
 Metaspace       used 123979K, capacity 127098K, committed 127440K, reserved 1161216K
  class space    used 15375K, capacity 16557K, committed 16768K, reserved 1048576K
GC Heap History (20 events):
Event: 66.782 GC heap after
{Heap after GC invocations=34 (full 0):
 garbage-first heap   total 239616K, used 124048K [0x0000000080000000, 0x0000000100000000)
  region size 1024K, 9 young (9216K), 9 survivors (9216K)
 Metaspace       used 119669K, capacity 122622K, committed 122960K, reserved 1157120K
  class space    used 15100K, capacity 16292K, committed 16384K, reserved 1048576K
}
Event: 68.608 GC heap before
{Heap before GC invocations=35 (full 0):
 garbage-first heap   total 239616K, used 187536K [0x0000000080000000, 0x0000000100000000)
  region size 1024K, 71 young (72704K), 9 survivors (9216K)
 Metaspace       used 121424K, capacity 124449K, committed 124624K, reserved 1157120K
  class space    used 15216K, capacity 16411K, committed 16512K, reserved 1048576K
}
Event: 68.645 GC heap after
{Heap after GC invocations=36 (full 0):
 garbage-first heap   total 239616K, used 127439K [0x0000000080000000, 0x0000000100000000)
  region size 1024K, 4 young (4096K), 4 survivors (4096K)
 Metaspace       used 121424K, capacity 124449K, committed 124624K, reserved 1157120K
  class space    used 15216K, capacity 16411K, committed 16512K, reserved 1048576K
}
Event: 68.716 GC heap before
{Heap before GC invocations=36 (full 0):
 garbage-first heap   total 239616K, used 133583K [0x0000000080000000, 0x0000000100000000)
  region size 1024K, 11 young (11264K), 4 survivors (4096K)
 Metaspace       used 121566K, capacity 124568K, committed 124880K, reserved 1157120K
  class space    used 15225K, capacity 16428K, committed 16512K, reserved 1048576K
}
Event: 68.739 GC heap after
{Heap after GC invocations=37 (full 0):
 garbage-first heap   total 239616K, used 127169K [0x0000000080000000, 0x0000000100000000)
  region size 1024K, 2 young (2048K), 2 survivors (2048K)
 Metaspace       used 121566K, capacity 124568K, committed 124880K, reserved 1157120K
  class space    used 15225K, capacity 16428K, committed 16512K, reserved 1048576K
}
Event: 70.120 GC heap before
{Heap before GC invocations=37 (full 0):
 garbage-first heap   total 239616K, used 190657K [0x0000000080000000, 0x0000000100000000)
  region size 1024K, 65 young (66560K), 2 survivors (2048K)
 Metaspace       used 123107K, capacity 126259K, committed 126416K, reserved 1159168K
  class space    used 15415K, capacity 16668K, committed 16768K, reserved 1048576K
}
Event: 70.134 GC heap after
{Heap after GC invocations=38 (full 0):
 garbage-first heap   total 239616K, used 128720K [0x0000000080000000, 0x0000000100000000)
  region size 1024K, 3 young (3072K), 3 survivors (3072K)
 Metaspace       used 123107K, capacity 126259K, committed 126416K, reserved 1159168K
  class space    used 15415K, capacity 16668K, committed 16768K, reserved 1048576K
}
Event: 71.545 GC heap before
{Heap before GC invocations=39 (full 0):
 garbage-first heap   total 239616K, used 194256K [0x0000000080000000, 0x0000000100000000)
  region size 1024K, 67 young (68608K), 3 survivors (3072K)
 Metaspace       used 122863K, capacity 125813K, committed 126672K, reserved 1159168K
  class space    used 15263K, capacity 16400K, committed 16768K, reserved 1048576K
}
Event: 71.564 GC heap after
{Heap after GC invocations=40 (full 0):
 garbage-first heap   total 239616K, used 130048K [0x0000000080000000, 0x0000000100000000)
  region size 1024K, 4 young (4096K), 4 survivors (4096K)
 Metaspace       used 122863K, capacity 125813K, committed 126672K, reserved 1159168K
  class space    used 15263K, capacity 16400K, committed 16768K, reserved 1048576K
}
Event: 71.715 GC heap before
{Heap before GC invocations=40 (full 0):
 garbage-first heap   total 239616K, used 137216K [0x0000000080000000, 0x0000000100000000)
  region size 1024K, 11 young (11264K), 4 survivors (4096K)
 Metaspace       used 122877K, capacity 125819K, committed 126672K, reserved 1159168K
  class space    used 15264K, capacity 16402K, committed 16768K, reserved 1048576K
}
Event: 71.731 GC heap after
{Heap after GC invocations=41 (full 0):
 garbage-first heap   total 239616K, used 129856K [0x0000000080000000, 0x0000000100000000)
  region size 1024K, 1 young (1024K), 1 survivors (1024K)
 Metaspace       used 122877K, capacity 125819K, committed 126672K, reserved 1159168K
  class space    used 15264K, capacity 16402K, committed 16768K, reserved 1048576K
}
Event: 72.443 GC heap before
{Heap before GC invocations=41 (full 0):
 garbage-first heap   total 239616K, used 196416K [0x0000000080000000, 0x0000000100000000)
  region size 1024K, 66 young (67584K), 1 survivors (1024K)
 Metaspace       used 122973K, capacity 125899K, committed 126672K, reserved 1159168K
  class space    used 15268K, capacity 16405K, committed 16768K, reserved 1048576K
}
Event: 72.460 GC heap after
{Heap after GC invocations=42 (full 0):
 garbage-first heap   total 239616K, used 133057K [0x0000000080000000, 0x0000000100000000)
  region size 1024K, 5 young (5120K), 5 survivors (5120K)
 Metaspace       used 122973K, capacity 125899K, committed 126672K, reserved 1159168K
  class space    used 15268K, capacity 16405K, committed 16768K, reserved 1048576K
}
Event: 73.195 GC heap before
{Heap before GC invocations=42 (full 0):
 garbage-first heap   total 239616K, used 197569K [0x0000000080000000, 0x0000000100000000)
  region size 1024K, 69 young (70656K), 5 survivors (5120K)
 Metaspace       used 123271K, capacity 126199K, committed 126928K, reserved 1159168K
  class space    used 15296K, capacity 16431K, committed 16768K, reserved 1048576K
}
Event: 73.210 GC heap after
{Heap after GC invocations=43 (full 0):
 garbage-first heap   total 239616K, used 134916K [0x0000000080000000, 0x0000000100000000)
  region size 1024K, 6 young (6144K), 6 survivors (6144K)
 Metaspace       used 123271K, capacity 126199K, committed 126928K, reserved 1159168K
  class space    used 15296K, capacity 16431K, committed 16768K, reserved 1048576K
}
Event: 73.856 GC heap before
{Heap before GC invocations=43 (full 0):
 garbage-first heap   total 239616K, used 200452K [0x0000000080000000, 0x0000000100000000)
  region size 1024K, 70 young (71680K), 6 survivors (6144K)
 Metaspace       used 123779K, capacity 126852K, committed 127184K, reserved 1159168K
  class space    used 15372K, capacity 16552K, committed 16768K, reserved 1048576K
}
Event: 73.869 GC heap after
{Heap after GC invocations=44 (full 0):
 garbage-first heap   total 239616K, used 134451K [0x0000000080000000, 0x0000000100000000)
  region size 1024K, 4 young (4096K), 4 survivors (4096K)
 Metaspace       used 123779K, capacity 126852K, committed 127184K, reserved 1159168K
  class space    used 15372K, capacity 16552K, committed 16768K, reserved 1048576K
}
Event: 74.249 GC heap before
{Heap before GC invocations=44 (full 0):
 garbage-first heap   total 239616K, used 199987K [0x0000000080000000, 0x0000000100000000)
  region size 1024K, 68 young (69632K), 4 survivors (4096K)
 Metaspace       used 123891K, capacity 127012K, committed 127440K, reserved 1161216K
  class space    used 15375K, capacity 16557K, committed 16768K, reserved 1048576K
}
Event: 74.266 GC heap after
{Heap after GC invocations=45 (full 0):
 garbage-first heap   total 239616K, used 137744K [0x0000000080000000, 0x0000000100000000)
  region size 1024K, 7 young (7168K), 7 survivors (7168K)
 Metaspace       used 123891K, capacity 127012K, committed 127440K, reserved 1161216K
  class space    used 15375K, capacity 16557K, committed 16768K, reserved 1048576K
}
Event: 74.964 GC heap before
{Heap before GC invocations=45 (full 0):
 garbage-first heap   total 239616K, used 201232K [0x0000000080000000, 0x0000000100000000)
  region size 1024K, 69 young (70656K), 7 survivors (7168K)
 Metaspace       used 123979K, capacity 127098K, committed 127440K, reserved 1161216K
  class space    used 15375K, capacity 16557K, committed 16768K, reserved 1048576K
}

